INFO: 2021/07/16 21:15:20 chatCtrl.go:57: talk类型消息user:11
INFO: 2021/07/16 21:15:27 chatCtrl.go:57: talk类型消息user:11
INFO: 2021/07/16 21:15:28 chatCtrl.go:57: talk类型消息user:11
INFO: 2021/07/16 21:15:29 chatCtrl.go:57: talk类型消息user:11
INFO: 2021/07/16 21:15:30 chatCtrl.go:57: talk类型消息user:11
INFO: 2021/07/16 21:15:30 chatCtrl.go:57: talk类型消息user:11
INFO: 2021/07/16 21:15:30 chatCtrl.go:57: talk类型消息user:11
INFO: 2021/07/16 21:15:30 chatCtrl.go:57: talk类型消息user:11
INFO: 2021/07/16 21:15:32 chatCtrl.go:57: talk类型消息user:11
INFO: 2021/07/16 21:16:26 chatCtrl.go:57: talk类型消息user:11
INFO: 2021/07/16 21:16:27 chatCtrl.go:57: talk类型消息user:11
INFO: 2021/07/16 21:16:36 chatCtrl.go:57: talk类型消息user:11
INFO: 2021/07/16 21:16:38 chatCtrl.go:57: talk类型消息user:11
INFO: 2021/07/16 21:16:40 chatCtrl.go:57: talk类型消息user:11
INFO: 2021/07/16 21:16:42 chatCtrl.go:57: talk类型消息user:11
INFO: 2021/07/16 21:16:48 chatCtrl.go:57: talk类型消息user:22
INFO: 2021/07/16 21:16:54 chatCtrl.go:57: talk类型消息user:22
INFO: 2021/07/19 18:23:02 chatCtrl.go:63: talk类型消息user:tom
INFO: 2021/07/19 18:28:20 chatCtrl.go:63: talk类型消息user:rrr
INFO: 2021/07/19 18:30:33 chatCtrl.go:64: talk类型消息user:wwww
INFO: 2021/07/19 18:30:46 chatCtrl.go:64: talk类型消息user:wwww
INFO: 2021/07/19 18:33:52 chatCtrl.go:67: talk类型消息user:tom
INFO: 2021/07/19 18:34:13 chatCtrl.go:67: talk类型消息user:qq
INFO: 2021/07/19 18:34:30 chatCtrl.go:67: talk类型消息user:qq
INFO: 2021/07/19 18:46:28 ChatService.go:46: talk类型消息user:tom
INFO: 2021/07/19 18:46:32 ChatService.go:46: talk类型消息user:tom
INFO: 2021/07/19 18:48:06 ChatService.go:46: talk类型消息user:eeee
INFO: 2021/07/19 18:53:22 ChatService.go:60: talk类型消息user:rrrr
INFO: 2021/07/19 18:54:30 ChatService.go:60: talk类型消息user:qwert
INFO: 2021/07/19 18:56:12 ChatService.go:60: talk类型消息user:red
INFO: 2021/07/19 18:58:02 ChatService.go:60: talk类型消息user:fgggg
INFO: 2021/07/19 19:02:32 ChatService.go:46: talk类型消息user:fff
INFO: 2021/07/19 19:02:39 ChatService.go:46: talk类型消息user:fff
INFO: 2021/07/19 19:04:48 ChatService.go:46: talk类型消息user:fff
INFO: 2021/07/20 10:02:39 ChatService.go:50: talk类型消息user:tom
INFO: 2021/07/20 10:03:37 ChatService.go:50: talk类型消息user:lili
INFO: 2021/07/20 10:03:45 ChatService.go:50: talk类型消息user:lili
INFO: 2021/07/20 10:32:15 ChatService.go:50: talk类型消息user:lili
INFO: 2021/07/20 10:32:30 ChatService.go:50: talk类型消息user:tom
INFO: 2021/07/20 10:32:48 ChatService.go:50: talk类型消息user:lili
INFO: 2021/07/20 10:51:22 ChatService.go:50: talk类型消息user:user
INFO: 2021/07/20 10:51:25 ChatService.go:50: talk类型消息user:user
INFO: 2021/07/20 10:51:26 ChatService.go:50: talk类型消息user:user
INFO: 2021/07/20 10:52:50 ChatService.go:51: talk类型消息user:tom
INFO: 2021/07/20 10:52:53 ChatService.go:51: talk类型消息user:tom
INFO: 2021/07/20 10:52:56 ChatService.go:51: talk类型消息user:tom
INFO: 2021/07/20 10:54:11 ChatService.go:50: talk类型消息user:tom
INFO: 2021/07/20 10:54:14 ChatService.go:50: talk类型消息user:tom
INFO: 2021/07/20 10:54:29 ChatService.go:50: talk类型消息user:tom
INFO: 2021/07/20 11:18:18 ChatService.go:50: talk类型消息user:tom
INFO: 2021/07/20 11:18:26 ChatService.go:50: talk类型消息user:tom
INFO: 2021/07/20 11:18:31 ChatService.go:50: talk类型消息user:tom
INFO: 2021/07/20 11:18:34 ChatService.go:50: talk类型消息user:tom
INFO: 2021/07/20 11:20:13 ChatService.go:50: talk类型消息user:qq
INFO: 2021/07/20 11:21:17 ChatService.go:50: talk类型消息user:qqdfsef
INFO: 2021/07/20 11:43:23 ChatService.go:50: talk类型消息user:tom
INFO: 2021/07/20 11:43:26 ChatService.go:50: talk类型消息user:tom
INFO: 2021/07/20 11:43:37 ChatService.go:50: talk类型消息user:tom
INFO: 2021/07/20 11:43:39 ChatService.go:50: talk类型消息user:tom
INFO: 2021/07/20 11:43:41 ChatService.go:50: talk类型消息user:tom
INFO: 2021/07/20 11:53:00 ChatService.go:50: talk类型消息user:tom
INFO: 2021/07/20 11:54:18 ChatService.go:50: talk类型消息user:tom
INFO: 2021/07/20 11:54:20 ChatService.go:50: talk类型消息user:tom
INFO: 2021/07/20 12:22:03 ChatService.go:50: talk类型消息user:tom
INFO: 2021/07/20 12:24:50 ChatService.go:50: talk类型消息user:lili
INFO: 2021/07/20 12:25:09 ChatService.go:50: talk类型消息user:tom
INFO: 2021/07/20 12:25:33 ChatService.go:50: talk类型消息user:tom
INFO: 2021/07/20 12:25:34 ChatService.go:50: talk类型消息user:tom
INFO: 2021/07/20 12:25:36 ChatService.go:50: talk类型消息user:tom
INFO: 2021/07/20 12:25:37 ChatService.go:50: talk类型消息user:tom
INFO: 2021/07/20 12:25:39 ChatService.go:50: talk类型消息user:tom
INFO: 2021/07/20 12:25:59 ChatService.go:50: talk类型消息user:tom
INFO: 2021/07/20 12:26:52 ChatService.go:50: talk类型消息user:tom
INFO: 2021/07/20 12:27:43 ChatService.go:50: talk类型消息user:tom
INFO: 2021/07/20 12:28:12 ChatService.go:50: talk类型消息user:lili
INFO: 2021/07/20 12:33:59 ChatService.go:50: talk类型消息user:tom
INFO: 2021/07/20 12:34:04 ChatService.go:50: talk类型消息user:lili
INFO: 2021/07/20 12:34:46 ChatService.go:50: talk类型消息user:lili
INFO: 2021/07/20 12:34:49 ChatService.go:50: talk类型消息user:tom
INFO: 2021/07/20 12:35:34 ChatService.go:50: talk类型消息user:tom
ERROR: 2021/07/20 12:35:36 chatClient.go:64: write tcp 127.0.0.1:51063->127.0.0.1:8080: write: broken pipe
ERROR: 2021/07/20 12:35:36 ChatService.go:25: write tcp 127.0.0.1:51063->127.0.0.1:8080: write: broken pipe
INFO: 2021/07/20 12:35:37 ChatService.go:50: talk类型消息user:lili
INFO: 2021/07/20 12:38:40 ChatService.go:50: talk类型消息user:lili
INFO: 2021/07/20 12:38:44 ChatService.go:50: talk类型消息user:lili
INFO: 2021/07/20 12:46:10 ChatService.go:50: talk类型消息user:111
INFO: 2021/07/20 12:46:57 ChatService.go:50: talk类型消息user:tom
INFO: 2021/07/20 13:04:55 ChatService.go:50: talk类型消息user:tom
INFO: 2021/07/20 13:04:57 ChatService.go:50: talk类型消息user:tom
INFO: 2021/07/20 13:05:11 ChatService.go:50: talk类型消息user:rrr
INFO: 2021/07/20 13:05:15 ChatService.go:50: talk类型消息user:rrr
INFO: 2021/07/20 13:05:17 ChatService.go:50: talk类型消息user:rrr
INFO: 2021/07/20 13:05:19 ChatService.go:50: talk类型消息user:rrr
INFO: 2021/07/20 13:06:06 ChatService.go:50: talk类型消息user:rrr
INFO: 2021/07/20 13:06:10 ChatService.go:50: talk类型消息user:tom
INFO: 2021/07/20 13:06:54 ChatService.go:50: talk类型消息user:whgfd
INFO: 2021/07/20 13:06:57 ChatService.go:50: talk类型消息user:whgfd
INFO: 2021/07/20 13:07:03 ChatService.go:50: talk类型消息user:whgfd
INFO: 2021/07/20 13:07:08 ChatService.go:50: talk类型消息user:tom
INFO: 2021/07/20 13:33:51 ChatService.go:50: talk类型消息user:tom
INFO: 2021/07/20 13:34:08 ChatService.go:50: talk类型消息user:lili
INFO: 2021/07/20 13:34:12 ChatService.go:50: talk类型消息user:lili
INFO: 2021/07/20 13:36:39 ChatService.go:50: talk类型消息user:tom
INFO: 2021/07/20 13:36:40 ChatService.go:50: talk类型消息user:tom
INFO: 2021/07/20 13:36:41 ChatService.go:50: talk类型消息user:tom
INFO: 2021/07/20 13:36:42 ChatService.go:50: talk类型消息user:tom
INFO: 2021/07/20 13:36:44 ChatService.go:50: talk类型消息user:tom
INFO: 2021/07/20 13:38:00 ChatService.go:50: talk类型消息user:tom
INFO: 2021/07/20 13:38:12 ChatService.go:50: talk类型消息user:ee
INFO: 2021/07/20 13:39:15 ChatService.go:50: talk类型消息user:ee
INFO: 2021/07/20 13:39:19 ChatService.go:50: talk类型消息user:tom
INFO: 2021/07/20 13:41:25 ChatService.go:50: talk类型消息user:rq34r
INFO: 2021/07/20 13:41:48 ChatService.go:50: talk类型消息user:rq34r
INFO: 2021/07/20 13:42:05 ChatService.go:50: talk类型消息user:tom
INFO: 2021/07/20 13:42:08 ChatService.go:50: talk类型消息user:ee
INFO: 2021/07/20 13:43:30 ChatService.go:50: talk类型消息user:tom
INFO: 2021/07/20 13:43:32 ChatService.go:50: talk类型消息user:rq34r
INFO: 2021/07/20 13:46:47 ChatService.go:50: talk类型消息user:tom
ERROR: 2021/07/20 13:47:50 chatClient.go:25: parse "ws://%09fmt.Println(\"eeeeee\")/ws": invalid URL escape "%09"
ERROR: 2021/07/20 13:47:50 chatCtrl.go:23: parse "ws://%09fmt.Println(\"eeeeee\")/ws": invalid URL escape "%09"
INFO: 2021/07/20 13:48:10 ChatService.go:50: talk类型消息user:tom
INFO: 2021/07/20 13:48:12 ChatService.go:50: talk类型消息user:tom
INFO: 2021/07/20 13:48:14 ChatService.go:50: talk类型消息user:tom
INFO: 2021/07/20 13:48:17 ChatService.go:50: talk类型消息user:tom
INFO: 2021/07/20 13:48:22 ChatService.go:50: talk类型消息user:tom
INFO: 2021/07/20 13:49:53 ChatService.go:50: talk类型消息user:tom
INFO: 2021/07/20 13:49:56 ChatService.go:50: talk类型消息user:tom
INFO: 2021/07/20 13:50:03 ChatService.go:50: talk类型消息user:tom
INFO: 2021/07/20 13:50:15 ChatService.go:50: talk类型消息user:tom
INFO: 2021/07/20 13:50:16 ChatService.go:50: talk类型消息user:2reg
INFO: 2021/07/20 13:50:21 ChatService.go:50: talk类型消息user:2reg
INFO: 2021/07/20 13:50:23 ChatService.go:50: talk类型消息user:2reg
INFO: 2021/07/20 13:54:38 ChatService.go:50: talk类型消息user:tom
INFO: 2021/07/20 13:55:11 ChatService.go:50: talk类型消息user:tom
INFO: 2021/07/20 13:55:13 ChatService.go:50: talk类型消息user:tom
INFO: 2021/07/20 13:55:17 ChatService.go:50: talk类型消息user:tom
INFO: 2021/07/20 13:55:23 ChatService.go:50: talk类型消息user:tom
INFO: 2021/07/20 13:55:25 ChatService.go:50: talk类型消息user:tom
INFO: 2021/07/20 13:55:28 ChatService.go:50: talk类型消息user:tom
INFO: 2021/07/20 13:55:30 ChatService.go:50: talk类型消息user:tom
INFO: 2021/07/20 13:55:32 ChatService.go:50: talk类型消息user:tom
INFO: 2021/07/20 13:55:34 ChatService.go:50: talk类型消息user:tom
INFO: 2021/07/20 13:55:42 ChatService.go:50: talk类型消息user:tom
INFO: 2021/07/20 13:55:51 ChatService.go:50: talk类型消息user:tom
INFO: 2021/07/20 13:55:56 ChatService.go:50: talk类型消息user:tom
INFO: 2021/07/20 13:56:14 ChatService.go:50: talk类型消息user:tom
INFO: 2021/07/20 13:58:02 ChatService.go:50: talk类型消息user:tom
INFO: 2021/07/20 13:58:06 ChatService.go:50: talk类型消息user:tom
INFO: 2021/07/20 13:58:10 ChatService.go:50: talk类型消息user:tom
INFO: 2021/07/20 13:58:32 ChatService.go:50: talk类型消息user:tom
INFO: 2021/07/20 13:58:37 ChatService.go:50: talk类型消息user:tom
INFO: 2021/07/20 13:58:56 ChatService.go:50: talk类型消息user:tom
INFO: 2021/07/20 13:58:58 ChatService.go:50: talk类型消息user:tom
INFO: 2021/07/20 13:59:01 ChatService.go:50: talk类型消息user:tom
INFO: 2021/07/20 13:59:13 ChatService.go:50: talk类型消息user:tomq2wer
INFO: 2021/07/20 13:59:19 ChatService.go:50: talk类型消息user:tomq2wer
INFO: 2021/07/20 14:00:05 ChatService.go:50: talk类型消息user:tomq2wer
INFO: 2021/07/20 14:00:08 ChatService.go:50: talk类型消息user:tomq2wer
INFO: 2021/07/20 14:00:15 ChatService.go:50: talk类型消息user:tomq2wer
INFO: 2021/07/20 14:00:21 ChatService.go:50: talk类型消息user:tomq2wer
INFO: 2021/07/20 14:00:25 ChatService.go:50: talk类型消息user:tomq2wer
INFO: 2021/07/20 14:00:29 ChatService.go:50: talk类型消息user:tomq2wer
INFO: 2021/07/20 14:00:34 ChatService.go:50: talk类型消息user:tomq2wer
INFO: 2021/07/20 14:00:39 ChatService.go:50: talk类型消息user:tomq2wer
INFO: 2021/07/20 14:00:47 ChatService.go:50: talk类型消息user:tomq2wer
INFO: 2021/07/20 14:01:01 ChatService.go:50: talk类型消息user:tomq2wer
INFO: 2021/07/20 14:01:03 ChatService.go:50: talk类型消息user:tomq2wer
INFO: 2021/07/20 14:01:11 ChatService.go:50: talk类型消息user:tomq2wer
INFO: 2021/07/20 14:01:18 ChatService.go:50: talk类型消息user:tomq2wer
INFO: 2021/07/20 14:01:23 ChatService.go:50: talk类型消息user:tomq2wer
INFO: 2021/07/20 14:01:27 ChatService.go:50: talk类型消息user:tomq2wer
INFO: 2021/07/20 14:01:32 ChatService.go:50: talk类型消息user:tomq2wer
INFO: 2021/07/20 14:02:16 ChatService.go:50: talk类型消息user:tomq2wer
INFO: 2021/07/20 14:02:26 ChatService.go:50: talk类型消息user:tomq2wer
INFO: 2021/07/20 14:02:33 ChatService.go:50: talk类型消息user:tomq2wer
INFO: 2021/07/20 14:03:00 ChatService.go:50: talk类型消息user:tomq2wer
INFO: 2021/07/20 14:03:49 ChatService.go:50: talk类型消息user:qq
INFO: 2021/07/20 14:03:50 ChatService.go:50: talk类型消息user:tomq2wer
INFO: 2021/07/20 14:03:55 ChatService.go:50: talk类型消息user:qq
INFO: 2021/07/20 14:04:02 ChatService.go:50: talk类型消息user:qq
INFO: 2021/07/20 14:04:04 ChatService.go:50: talk类型消息user:qq
INFO: 2021/07/20 14:04:12 ChatService.go:50: talk类型消息user:qq
INFO: 2021/07/20 14:04:15 ChatService.go:50: talk类型消息user:tomq2wer
INFO: 2021/07/20 14:04:56 ChatService.go:50: talk类型消息user:tomq2wer
INFO: 2021/07/20 14:04:59 ChatService.go:50: talk类型消息user:tomq2wer
INFO: 2021/07/20 14:05:01 ChatService.go:50: talk类型消息user:qq
INFO: 2021/07/20 14:05:03 ChatService.go:50: talk类型消息user:qq
INFO: 2021/07/20 14:05:07 ChatService.go:50: talk类型消息user:tomq2wer
INFO: 2021/07/20 14:07:23 ChatService.go:50: talk类型消息user:11
INFO: 2021/07/20 14:07:28 ChatService.go:50: talk类型消息user:22
INFO: 2021/07/20 14:07:31 ChatService.go:50: talk类型消息user:22
INFO: 2021/07/20 14:07:33 ChatService.go:50: talk类型消息user:11
INFO: 2021/07/20 14:23:16 ChatService.go:50: talk类型消息user:rr
INFO: 2021/07/20 14:23:19 ChatService.go:50: talk类型消息user:rr
INFO: 2021/07/20 14:23:21 ChatService.go:50: talk类型消息user:rr
INFO: 2021/07/20 14:30:59 ChatService.go:50: talk类型消息user:tom
INFO: 2021/07/20 14:31:09 ChatService.go:50: talk类型消息user:tom
INFO: 2021/07/20 14:31:26 ChatService.go:50: talk类型消息user:eee
INFO: 2021/07/20 14:31:29 ChatService.go:50: talk类型消息user:eee
INFO: 2021/07/20 14:31:31 ChatService.go:50: talk类型消息user:eee
INFO: 2021/07/20 14:31:44 ChatService.go:50: talk类型消息user:eee
INFO: 2021/07/20 18:56:20 ChatService.go:50: talk类型消息user:tom
INFO: 2021/07/20 18:56:22 ChatService.go:50: talk类型消息user:tom
INFO: 2021/07/20 18:56:32 ChatService.go:50: talk类型消息user:tom
INFO: 2021/07/20 18:56:33 ChatService.go:50: talk类型消息user:tom
INFO: 2021/07/20 18:58:44 ChatService.go:50: talk类型消息user:123
INFO: 2021/07/20 18:58:47 ChatService.go:50: talk类型消息user:123
INFO: 2021/07/20 18:58:54 ChatService.go:50: talk类型消息user:123
INFO: 2021/07/20 18:58:58 ChatService.go:50: talk类型消息user:123
INFO: 2021/07/20 18:59:00 ChatService.go:50: talk类型消息user:123
INFO: 2021/07/20 18:59:01 ChatService.go:50: talk类型消息user:123
INFO: 2021/07/20 18:59:22 ChatService.go:50: talk类型消息user:rqwerwq
INFO: 2021/07/20 18:59:23 ChatService.go:50: talk类型消息user:123
INFO: 2021/07/20 18:59:27 ChatService.go:50: talk类型消息user:123
INFO: 2021/07/20 18:59:29 ChatService.go:50: talk类型消息user:rqwerwq
INFO: 2021/07/20 18:59:33 ChatService.go:50: talk类型消息user:rqwerwq
INFO: 2021/07/20 19:18:38 ChatService.go:50: talk类型消息user:123
INFO: 2021/07/20 19:18:44 ChatService.go:50: talk类型消息user:rqwerwq
INFO: 2021/07/20 19:18:51 ChatService.go:50: talk类型消息user:rqwerwq
INFO: 2021/07/20 19:18:57 ChatService.go:50: talk类型消息user:rqwerwq
INFO: 2021/07/20 19:18:59 ChatService.go:50: talk类型消息user:rqwerwq
INFO: 2021/07/20 19:19:01 ChatService.go:50: talk类型消息user:rqwerwq
INFO: 2021/07/20 19:19:05 ChatService.go:50: talk类型消息user:rqwerwq
INFO: 2021/07/20 19:19:07 ChatService.go:50: talk类型消息user:rqwerwq
INFO: 2021/07/20 19:19:43 ChatService.go:50: talk类型消息user:123
INFO: 2021/07/21 16:36:00 ChatService.go:52: talk类型消息user:11
INFO: 2021/07/21 16:36:02 ChatService.go:52: talk类型消息user:11
INFO: 2021/07/21 16:36:07 ChatService.go:52: talk类型消息user:11
INFO: 2021/07/21 16:36:10 ChatService.go:52: talk类型消息user:11
INFO: 2021/07/21 16:36:11 ChatService.go:52: talk类型消息user:11
INFO: 2021/07/21 16:36:12 ChatService.go:52: talk类型消息user:11
INFO: 2021/07/21 16:36:19 ChatService.go:52: talk类型消息user:11
INFO: 2021/07/21 16:36:22 ChatService.go:52: talk类型消息user:11
INFO: 2021/07/21 16:36:26 ChatService.go:52: talk类型消息user:11
INFO: 2021/07/21 16:36:29 ChatService.go:52: talk类型消息user:11
INFO: 2021/07/21 16:36:45 ChatService.go:52: talk类型消息user:ee
INFO: 2021/07/21 16:36:56 ChatService.go:52: talk类型消息user:ee
INFO: 2021/07/21 16:36:59 ChatService.go:52: talk类型消息user:11
INFO: 2021/07/21 16:37:04 ChatService.go:52: talk类型消息user:ee
INFO: 2021/07/21 16:37:17 ChatService.go:52: talk类型消息user:ee
INFO: 2021/07/21 16:39:35 ChatService.go:52: talk类型消息user:11
INFO: 2021/07/21 16:39:45 ChatService.go:52: talk类型消息user:11
INFO: 2021/07/21 16:45:44 ChatService.go:52: talk类型消息user:dd
INFO: 2021/07/21 16:45:48 ChatService.go:52: talk类型消息user:dd
INFO: 2021/07/21 16:45:51 ChatService.go:52: talk类型消息user:dd
INFO: 2021/07/21 16:46:08 ChatService.go:52: talk类型消息user:hello
INFO: 2021/07/21 16:46:11 ChatService.go:52: talk类型消息user:dd
INFO: 2021/07/21 16:46:15 ChatService.go:52: talk类型消息user:hello
INFO: 2021/07/21 16:46:23 ChatService.go:52: talk类型消息user:hello
INFO: 2021/07/21 16:46:26 ChatService.go:52: talk类型消息user:dd
INFO: 2021/07/21 17:10:40 ChatService.go:56: talk类型消息user:23
INFO: 2021/07/21 17:10:44 ChatService.go:56: talk类型消息user:23
INFO: 2021/07/21 17:10:58 ChatService.go:56: talk类型消息user:23
INFO: 2021/07/21 17:11:00 ChatService.go:56: talk类型消息user:23
INFO: 2021/07/21 17:11:01 ChatService.go:56: talk类型消息user:23
INFO: 2021/07/21 17:11:04 ChatService.go:56: talk类型消息user:23
INFO: 2021/07/21 17:11:05 ChatService.go:56: talk类型消息user:23
INFO: 2021/07/21 17:11:06 ChatService.go:56: talk类型消息user:23
INFO: 2021/07/21 17:11:06 ChatService.go:56: talk类型消息user:23
INFO: 2021/07/21 17:11:06 ChatService.go:56: talk类型消息user:23
INFO: 2021/07/21 17:11:06 ChatService.go:56: talk类型消息user:23
INFO: 2021/07/21 17:11:07 ChatService.go:56: talk类型消息user:23
INFO: 2021/07/21 17:11:07 ChatService.go:56: talk类型消息user:23
INFO: 2021/07/21 17:11:09 ChatService.go:56: talk类型消息user:23
INFO: 2021/07/21 17:39:32 ChatService.go:56: talk类型消息user:33
INFO: 2021/07/21 17:39:35 ChatService.go:56: talk类型消息user:33
INFO: 2021/07/21 17:39:37 ChatService.go:56: talk类型消息user:33
INFO: 2021/07/21 17:53:18 ChatService.go:56: talk类型消息user:tom
INFO: 2021/07/21 17:53:24 ChatService.go:56: talk类型消息user:tom
INFO: 2021/07/21 17:53:29 ChatService.go:56: talk类型消息user:tom
INFO: 2021/07/21 17:53:31 ChatService.go:56: talk类型消息user:tom
INFO: 2021/07/21 17:53:45 ChatService.go:56: talk类型消息user:tom
INFO: 2021/07/21 17:53:47 ChatService.go:56: talk类型消息user:tom
INFO: 2021/07/21 17:53:53 ChatService.go:56: talk类型消息user:tom
INFO: 2021/07/21 17:53:56 ChatService.go:56: talk类型消息user:tom
INFO: 2021/07/21 17:53:58 ChatService.go:56: talk类型消息user:tom
INFO: 2021/07/21 17:55:06 ChatService.go:56: talk类型消息user:tom
INFO: 2021/07/21 17:55:21 ChatService.go:56: talk类型消息user:aimi
INFO: 2021/07/21 17:55:24 ChatService.go:56: talk类型消息user:aimi
INFO: 2021/07/21 18:01:48 ChatService.go:56: talk类型消息user:tom
INFO: 2021/07/21 18:01:56 ChatService.go:56: talk类型消息user:tom
INFO: 2021/07/21 18:02:08 ChatService.go:56: talk类型消息user:ee
INFO: 2021/07/21 18:02:15 ChatService.go:56: talk类型消息user:ee
INFO: 2021/07/21 18:02:20 ChatService.go:56: talk类型消息user:tom
INFO: 2021/07/21 18:02:55 ChatService.go:56: talk类型消息user:ee
INFO: 2021/07/21 18:03:21 ChatService.go:56: talk类型消息user:ee
INFO: 2021/07/21 18:03:24 ChatService.go:56: talk类型消息user:ee
INFO: 2021/07/21 18:03:34 ChatService.go:56: talk类型消息user:tom
INFO: 2021/07/21 18:04:35 ChatService.go:56: talk类型消息user:tom
INFO: 2021/07/21 18:05:52 ChatService.go:56: talk类型消息user:tom
INFO: 2021/07/21 18:05:55 ChatService.go:56: talk类型消息user:ee
INFO: 2021/07/21 18:05:59 ChatService.go:56: talk类型消息user:ee
INFO: 2021/07/21 18:07:04 ChatService.go:56: talk类型消息user:ee
INFO: 2021/07/21 18:07:06 ChatService.go:56: talk类型消息user:tom
INFO: 2021/07/21 18:10:39 ChatService.go:56: talk类型消息user:tom
INFO: 2021/07/21 18:10:45 ChatService.go:56: talk类型消息user:aimi
INFO: 2021/07/21 18:14:34 ChatService.go:56: talk类型消息user:tom
INFO: 2021/07/21 18:14:36 ChatService.go:56: talk类型消息user:ee
INFO: 2021/07/21 18:25:35 ChatService.go:56: talk类型消息user:tom
INFO: 2021/07/21 18:25:48 ChatService.go:56: talk类型消息user:ee
INFO: 2021/07/21 18:25:52 ChatService.go:56: talk类型消息user:tom
INFO: 2021/07/21 18:28:50 ChatService.go:56: talk类型消息user:tom
INFO: 2021/07/21 18:28:52 ChatService.go:56: talk类型消息user:ee
INFO: 2021/07/21 18:41:00 ChatService.go:56: talk类型消息user:tom
INFO: 2021/07/21 18:41:02 ChatService.go:56: talk类型消息user:ee
INFO: 2021/07/21 18:45:00 ChatService.go:56: talk类型消息user:tom
INFO: 2021/07/21 18:45:01 ChatService.go:56: talk类型消息user:ee
INFO: 2021/07/21 18:45:10 ChatService.go:56: talk类型消息user:ee
INFO: 2021/07/21 18:45:14 ChatService.go:56: talk类型消息user:ee
INFO: 2021/07/21 18:45:16 ChatService.go:56: talk类型消息user:ee
INFO: 2021/07/21 18:45:53 ChatService.go:56: talk类型消息user:ee
INFO: 2021/07/21 18:45:54 ChatService.go:56: talk类型消息user:tom
INFO: 2021/07/21 18:46:34 ChatService.go:56: talk类型消息user:ee
INFO: 2021/07/21 18:46:35 ChatService.go:56: talk类型消息user:tom
INFO: 2021/07/21 18:46:40 ChatService.go:56: talk类型消息user:aimi
INFO: 2021/07/21 18:46:49 ChatService.go:56: talk类型消息user:aimi
INFO: 2021/07/21 18:46:52 ChatService.go:56: talk类型消息user:aimi
INFO: 2021/07/21 18:46:54 ChatService.go:56: talk类型消息user:aimi
INFO: 2021/07/21 18:49:58 ChatService.go:56: talk类型消息user:AIMI
INFO: 2021/07/21 18:49:59 ChatService.go:56: talk类型消息user:ee
INFO: 2021/07/21 18:50:00 ChatService.go:56: talk类型消息user:aimi
INFO: 2021/07/21 18:50:02 ChatService.go:56: talk类型消息user:aimi
INFO: 2021/07/21 18:50:04 ChatService.go:56: talk类型消息user:ee
INFO: 2021/07/21 18:50:05 ChatService.go:56: talk类型消息user:AIMI
INFO: 2021/07/21 18:50:38 ChatService.go:56: talk类型消息user:ee
INFO: 2021/07/21 18:50:55 ChatService.go:56: talk类型消息user:lilli
INFO: 2021/07/21 18:50:57 ChatService.go:56: talk类型消息user:AIMI
INFO: 2021/07/21 18:51:09 ChatService.go:56: talk类型消息user:lilli
INFO: 2021/07/21 18:51:52 ChatService.go:56: talk类型消息user:ee
ERROR: 2021/07/21 18:54:50 chatClient.go:25: dial tcp 127.0.0.1:8080: connect: connection refused
ERROR: 2021/07/21 18:54:50 chatCtrl.go:25: dial tcp 127.0.0.1:8080: connect: connection refused
INFO: 2021/07/21 18:54:51 ChatService.go:56: talk类型消息user:lilli
INFO: 2021/07/21 18:54:56 ChatService.go:56: talk类型消息user:ee
INFO: 2021/07/21 19:20:05 ChatService.go:56: talk类型消息user:AIMI
INFO: 2021/07/21 19:20:05 ChatService.go:56: talk类型消息user:ee
INFO: 2021/07/21 19:20:07 ChatService.go:56: talk类型消息user:AIMI
INFO: 2021/07/21 19:20:10 ChatService.go:56: talk类型消息user:ee
INFO: 2021/07/21 19:20:11 ChatService.go:56: talk类型消息user:ee
INFO: 2021/07/21 19:20:12 ChatService.go:56: talk类型消息user:ee
INFO: 2021/07/21 19:20:13 ChatService.go:56: talk类型消息user:ee
INFO: 2021/07/21 19:20:15 ChatService.go:56: talk类型消息user:ee
INFO: 2021/07/21 19:20:16 ChatService.go:56: talk类型消息user:ee
INFO: 2021/07/21 19:20:18 ChatService.go:56: talk类型消息user:ee
INFO: 2021/07/21 19:20:21 ChatService.go:56: talk类型消息user:ee
INFO: 2021/07/21 19:20:22 ChatService.go:56: talk类型消息user:ee
INFO: 2021/07/21 19:20:23 ChatService.go:56: talk类型消息user:ee
INFO: 2021/07/21 19:20:24 ChatService.go:56: talk类型消息user:ee
INFO: 2021/07/21 19:20:25 ChatService.go:56: talk类型消息user:ee
INFO: 2021/07/21 19:20:26 ChatService.go:56: talk类型消息user:ee
INFO: 2021/07/21 19:20:27 ChatService.go:56: talk类型消息user:ee
INFO: 2021/07/21 19:20:28 ChatService.go:56: talk类型消息user:ee
INFO: 2021/07/21 19:20:29 ChatService.go:56: talk类型消息user:ee
INFO: 2021/07/21 19:20:30 ChatService.go:56: talk类型消息user:ee
INFO: 2021/07/21 19:20:32 ChatService.go:56: talk类型消息user:ee
INFO: 2021/07/21 19:20:33 ChatService.go:56: talk类型消息user:ee
INFO: 2021/07/21 19:20:37 ChatService.go:56: talk类型消息user:ee
INFO: 2021/07/21 19:20:38 ChatService.go:56: talk类型消息user:ee
INFO: 2021/07/21 19:20:40 ChatService.go:56: talk类型消息user:ee
INFO: 2021/07/21 19:20:41 ChatService.go:56: talk类型消息user:ee
INFO: 2021/07/21 19:20:42 ChatService.go:56: talk类型消息user:ee
INFO: 2021/07/21 19:20:43 ChatService.go:56: talk类型消息user:ee
INFO: 2021/07/21 19:20:45 ChatService.go:56: talk类型消息user:ee
INFO: 2021/07/21 19:20:46 ChatService.go:56: talk类型消息user:ee
INFO: 2021/07/21 19:21:37 ChatService.go:56: talk类型消息user:ee
INFO: 2021/07/21 19:21:39 ChatService.go:56: talk类型消息user:AIMI
INFO: 2021/07/21 19:25:44 ChatService.go:56: talk类型消息user:AIMI
INFO: 2021/07/21 19:25:54 ChatService.go:56: talk类型消息user:ee
INFO: 2021/07/21 19:25:57 ChatService.go:56: talk类型消息user:ee
INFO: 2021/07/21 19:25:57 ChatService.go:56: talk类型消息user:ee
INFO: 2021/07/21 19:25:59 ChatService.go:56: talk类型消息user:ee
INFO: 2021/07/21 19:26:01 ChatService.go:56: talk类型消息user:ee
INFO: 2021/07/21 19:26:02 ChatService.go:56: talk类型消息user:ee
INFO: 2021/07/21 19:26:02 ChatService.go:56: talk类型消息user:ee
INFO: 2021/07/21 19:26:02 ChatService.go:56: talk类型消息user:ee
INFO: 2021/07/21 19:26:02 ChatService.go:56: talk类型消息user:ee
INFO: 2021/07/21 19:26:02 ChatService.go:56: talk类型消息user:ee
INFO: 2021/07/21 19:26:03 ChatService.go:56: talk类型消息user:ee
INFO: 2021/07/21 19:26:03 ChatService.go:56: talk类型消息user:ee
INFO: 2021/07/21 19:26:04 ChatService.go:56: talk类型消息user:ee
INFO: 2021/07/21 19:26:04 ChatService.go:56: talk类型消息user:ee
INFO: 2021/07/21 19:26:04 ChatService.go:56: talk类型消息user:ee
INFO: 2021/07/21 19:26:04 ChatService.go:56: talk类型消息user:ee
INFO: 2021/07/21 19:26:05 ChatService.go:56: talk类型消息user:ee
INFO: 2021/07/21 19:26:05 ChatService.go:56: talk类型消息user:ee
INFO: 2021/07/21 19:26:06 ChatService.go:56: talk类型消息user:ee
INFO: 2021/07/21 19:26:06 ChatService.go:56: talk类型消息user:ee
INFO: 2021/07/21 19:26:06 ChatService.go:56: talk类型消息user:ee
INFO: 2021/07/21 19:26:06 ChatService.go:56: talk类型消息user:ee
INFO: 2021/07/21 19:26:08 ChatService.go:56: talk类型消息user:ee
INFO: 2021/07/21 19:30:09 ChatService.go:56: talk类型消息user:ee
INFO: 2021/07/21 20:08:48 ChatService.go:56: talk类型消息user:11
INFO: 2021/07/21 20:08:49 ChatService.go:56: talk类型消息user:11
INFO: 2021/07/21 20:08:55 ChatService.go:56: talk类型消息user:11
INFO: 2021/07/21 20:09:51 ChatService.go:56: talk类型消息user:11
INFO: 2021/07/21 20:11:40 ChatService.go:56: talk类型消息user:11
INFO: 2021/07/21 20:11:54 ChatService.go:56: talk类型消息user:222
INFO: 2021/07/21 20:12:55 ChatService.go:56: talk类型消息user:222
INFO: 2021/07/21 20:13:14 ChatService.go:56: talk类型消息user:222
